<?xml version="1.0" encoding="UTF-8"?>
<testng-results ignored="0" total="1" passed="1" failed="0" skipped="0">
  <reporter-output>
  </reporter-output>
  <suite started-at="2025-01-05T16:30:24 EST" name="Suite" finished-at="2025-01-05T16:30:39 EST" duration-ms="15038">
    <groups>
    </groups>
    <test started-at="2025-01-05T16:30:24 EST" name="Test" finished-at="2025-01-05T16:30:39 EST" duration-ms="15038">
      <class name="mavenforjenkins.UITest">
        <test-method signature="startBrowser()[pri:0, instance:mavenforjenkins.UITest@13e39c73]" started-at="2025-01-05T16:30:24 EST" name="startBrowser" finished-at="2025-01-05T16:30:39 EST" duration-ms="14964" status="PASS">
          <reporter-output>
          </reporter-output>
        </test-method> <!-- startBrowser -->
      </class> <!-- mavenforjenkins.UITest -->
    </test> <!-- Test -->
  </suite> <!-- Suite -->
</testng-results>
